\BOOKMARK [0][]{Contents.0}{Contents}{}% 1
\BOOKMARK [0][]{chapter.1}{1 Einleitung}{}% 2
\BOOKMARK [1][-]{section.1.1}{1.1 Problemstellung und Zielsetzung}{chapter.1}% 3
\BOOKMARK [1][-]{section.1.2}{1.2 Umfeld}{chapter.1}% 4
\BOOKMARK [1][-]{section.1.3}{1.3 Methodisches Vorgehen}{chapter.1}% 5
\BOOKMARK [1][-]{section.1.4}{1.4 Gliederung}{chapter.1}% 6
\BOOKMARK [0][]{chapter.2}{2 Grundlagen}{}% 7
\BOOKMARK [1][-]{section.2.1}{2.1 Definitionen}{chapter.2}% 8
\BOOKMARK [1][-]{section.2.2}{2.2 Rahmenbedingungen von Psychotherapien}{chapter.2}% 9
\BOOKMARK [1][-]{section.2.3}{2.3 Chatbots}{chapter.2}% 10
\BOOKMARK [0][]{chapter.3}{3 Stand der Forschung und Technik}{}% 11
\BOOKMARK [1][-]{section.3.1}{3.1 Chatbot-Plattformen}{chapter.3}% 12
\BOOKMARK [1][-]{section.3.2}{3.2 Grafische Programmiersprachen}{chapter.3}% 13
\BOOKMARK [1][-]{section.3.3}{3.3 Auszeichnungssprachen}{chapter.3}% 14
\BOOKMARK [1][-]{section.3.4}{3.4 Experience Sampling Software}{chapter.3}% 15
\BOOKMARK [0][]{chapter.4}{4 Konzeption}{}% 16
\BOOKMARK [1][-]{section.4.1}{4.1 Anforderungsanalyse}{chapter.4}% 17
\BOOKMARK [1][-]{section.4.2}{4.2 Ausarbeitung verschiedener Konzepte}{chapter.4}% 18
\BOOKMARK [2][-]{subsection.4.2.1}{4.2.1 Beschreibung dieser}{section.4.2}% 19
\BOOKMARK [2][-]{subsection.4.2.2}{4.2.2 Evaluation}{section.4.2}% 20
\BOOKMARK [0][]{chapter.5}{5 Entwicklung der Modellierungssprache}{}% 21
\BOOKMARK [1][-]{section.5.1}{5.1 Konzept}{chapter.5}% 22
\BOOKMARK [1][-]{section.5.2}{5.2 Umsetzung}{chapter.5}% 23
\BOOKMARK [1][-]{section.5.3}{5.3 Evaluation}{chapter.5}% 24
\BOOKMARK [0][]{chapter.6}{6 Ergebnisse}{}% 25
\BOOKMARK [1][-]{section.6.1}{6.1 Zusammenfassung}{chapter.6}% 26
\BOOKMARK [1][-]{section.6.2}{6.2 Kritische Reflexion}{chapter.6}% 27
\BOOKMARK [0][]{chapter.7}{7 Ausblick}{}% 28
